Test Case 1
Total Price 0
Member Items:
1: 
2: 

Test Case 2
Total Price 435
Member Items:
1: 2 3 4 6 
2: 2 3 4 5 
3: 3 4 5 6 
4: 2 3 4 5 

Test Case 3
Total Price 83
Member Items:
1: 3 
2: 2 3 
3: 1 2 3 
4: 2 3 4 
5: 1 2 3 4 
6: 1 2 3 4 
7: 4 5 
8: 3 4 5 
9: 2 3 4 5 
10: 1 2 3 4 5 

Test Case 4
Total Price 646
Member Items:
1: 1 
2: 1 
3: 2 
4: 1 2 
5: 2 5 
6: 2 3 
7: 7 
8: 5 7 
9: 10 
10: 5 7 
11: 5 7 
12: 6 10 
13: 6 7 
14: 5 6 7 
15: 7 9 
16: 7 10 
17: 6 7 10 
18: 6 7 9 
19: 6 7 10 
20: 6 7 10 
21: 6 7 9 
22: 8 9 10 
23: 5 6 7 10 
24: 7 9 10 
25: 7 8 9 10 
26: 6 7 8 10 
27: 7 8 9 10 
28: 7 8 9 10 
29: 7 8 9 10 
30: 5 6 7 8 10 

